0 info it worked if it ends with ok
1 verbose cli [ '/home/mtk/.nvm/v6.10.1/bin/node',
1 verbose cli   '/home/mtk/.nvm/v6.10.1/bin/npm',
1 verbose cli   'start' ]
2 info using npm@3.10.10
3 info using node@v6.10.1
4 verbose run-script [ 'prestart', 'start', 'poststart' ]
5 info lifecycle test-service@2.1.3~prestart: test-service@2.1.3
6 silly lifecycle test-service@2.1.3~prestart: no script for prestart, continuing
7 info lifecycle test-service@2.1.3~start: test-service@2.1.3
8 verbose lifecycle test-service@2.1.3~start: unsafe-perm in lifecycle true
9 verbose lifecycle test-service@2.1.3~start: PATH: /home/mtk/.nvm/v6.10.1/lib/node_modules/npm/bin/node-gyp-bin:/home/mtk/my/workspace/webpack-umd-module/node_modules/.bin:/home/mtk/.nvm/v6.10.1/bin:/home/mtk/bin:/home/mtk/.local/bin:/home/mtk/bin:/home/mtk/.local/bin:/usr/local/sbin:/usr/local/bin:/usr/sbin:/usr/bin:/sbin:/bin:/usr/games:/usr/local/games
10 verbose lifecycle test-service@2.1.3~start: CWD: /home/mtk/my/workspace/webpack-umd-module
11 silly lifecycle test-service@2.1.3~start: Args: [ '-c',
11 silly lifecycle   'webpack --config webpack.config.js && webpack-dev-server' ]
12 silly lifecycle test-service@2.1.3~start: Returned: code: 126  signal: null
13 info lifecycle test-service@2.1.3~start: Failed to exec start script
14 verbose stack Error: test-service@2.1.3 start: `webpack --config webpack.config.js && webpack-dev-server`
14 verbose stack Exit status 126
14 verbose stack     at EventEmitter.<anonymous> (/home/mtk/.nvm/v6.10.1/lib/node_modules/npm/lib/utils/lifecycle.js:255:16)
14 verbose stack     at emitTwo (events.js:106:13)
14 verbose stack     at EventEmitter.emit (events.js:191:7)
14 verbose stack     at ChildProcess.<anonymous> (/home/mtk/.nvm/v6.10.1/lib/node_modules/npm/lib/utils/spawn.js:40:14)
14 verbose stack     at emitTwo (events.js:106:13)
14 verbose stack     at ChildProcess.emit (events.js:191:7)
14 verbose stack     at maybeClose (internal/child_process.js:886:16)
14 verbose stack     at Process.ChildProcess._handle.onexit (internal/child_process.js:226:5)
15 verbose pkgid test-service@2.1.3
16 verbose cwd /home/mtk/my/workspace/webpack-umd-module
17 error Linux 4.4.0-53-generic
18 error argv "/home/mtk/.nvm/v6.10.1/bin/node" "/home/mtk/.nvm/v6.10.1/bin/npm" "start"
19 error node v6.10.1
20 error npm  v3.10.10
21 error code ELIFECYCLE
22 error test-service@2.1.3 start: `webpack --config webpack.config.js && webpack-dev-server`
22 error Exit status 126
23 error Failed at the test-service@2.1.3 start script 'webpack --config webpack.config.js && webpack-dev-server'.
23 error Make sure you have the latest version of node.js and npm installed.
23 error If you do, this is most likely a problem with the test-service package,
23 error not with npm itself.
23 error Tell the author that this fails on your system:
23 error     webpack --config webpack.config.js && webpack-dev-server
23 error You can get information on how to open an issue for this project with:
23 error     npm bugs test-service
23 error Or if that isn't available, you can get their info via:
23 error     npm owner ls test-service
23 error There is likely additional logging output above.
24 verbose exit [ 1, true ]
